Sat May 02 12:28:53 CST 2015  [debug] AvalonLogSystem initialized using logfile 'F:\myeclipse\workspace\.metadata\.plugins\com.genuitec.eclipse.templates\velocity.log'
Sat May 02 12:28:53 CST 2015   [info] ************************************************************** 
Sat May 02 12:28:53 CST 2015   [info] Starting Jakarta Velocity v1.4
Sat May 02 12:28:53 CST 2015   [info] RuntimeInstance initializing.
Sat May 02 12:28:53 CST 2015   [info] Default Properties File: org\apache\velocity\runtime\defaults\velocity.properties
Sat May 02 12:28:53 CST 2015   [info] Trying to use logger class org.apache.velocity.runtime.log.AvalonLogSystem
Sat May 02 12:28:53 CST 2015   [info] Using logger class org.apache.velocity.runtime.log.AvalonLogSystem
Sat May 02 12:28:53 CST 2015   [info] Default ResourceManager initializing. (class org.apache.velocity.runtime.resource.ResourceManagerImpl)
Sat May 02 12:28:53 CST 2015   [info] Resource Loader Instantiated: com.genuitec.eclipse.templates.internal.PluginResourceLoader
Sat May 02 12:28:53 CST 2015   [info] ResourceCache : initialized. (class org.apache.velocity.runtime.resource.ResourceCacheImpl)
Sat May 02 12:28:53 CST 2015   [info] Default ResourceManager initialization complete.
Sat May 02 12:28:53 CST 2015   [info] Loaded System Directive: org.apache.velocity.runtime.directive.Literal
Sat May 02 12:28:53 CST 2015   [info] Loaded System Directive: org.apache.velocity.runtime.directive.Macro
Sat May 02 12:28:53 CST 2015   [info] Loaded System Directive: org.apache.velocity.runtime.directive.Parse
Sat May 02 12:28:53 CST 2015   [info] Loaded System Directive: org.apache.velocity.runtime.directive.Include
Sat May 02 12:28:53 CST 2015   [info] Loaded System Directive: org.apache.velocity.runtime.directive.Foreach
Sat May 02 12:28:53 CST 2015   [info] Created: 20 parsers.
Sat May 02 12:28:53 CST 2015   [info] Velocimacro : initialization starting.
Sat May 02 12:28:53 CST 2015   [info] Velocimacro : adding VMs from VM library template : VM_global_library.vm
Sat May 02 12:28:53 CST 2015  [error] ResourceManager : unable to find resource 'VM_global_library.vm' in any resource loader.
Sat May 02 12:28:53 CST 2015   [info] Velocimacro : error using  VM library template VM_global_library.vm : org.apache.velocity.exception.ResourceNotFoundException: Unable to find resource 'VM_global_library.vm'
Sat May 02 12:28:53 CST 2015   [info] Velocimacro :  VM library template macro registration complete.
Sat May 02 12:28:53 CST 2015   [info] Velocimacro : allowInline = true : VMs can be defined inline in templates
Sat May 02 12:28:53 CST 2015   [info] Velocimacro : allowInlineToOverride = true : VMs defined inline may replace previous VM definitions
Sat May 02 12:28:53 CST 2015   [info] Velocimacro : allowInlineLocal = true : VMs defined inline will be local to their defining template only.
Sat May 02 12:28:53 CST 2015   [info] Velocimacro : messages on  : VM system will output logging messages
Sat May 02 12:28:53 CST 2015   [info] Velocimacro : autoload off  : VM system will not automatically reload global library macros
Sat May 02 12:28:53 CST 2015   [info] Velocimacro : initialization complete.
Sat May 02 12:28:53 CST 2015   [info] Velocity successfully started.
Sat May 02 12:28:53 CST 2015   [info] ResourceManager : found templates/jsp/Jsp.vtl with loader com.genuitec.eclipse.templates.internal.PluginResourceLoader
Sat May 02 12:28:53 CST 2015   [info] ResourceManager : found templates/jsp/JSPMetaTags.vtl with loader com.genuitec.eclipse.templates.internal.PluginResourceLoader
